2019-11-08 11:29:52.597 parsl.dataflow.dflow:83 [DEBUG]  Starting DataFlowKernel with config
Config(
    app_cache=True, 
    checkpoint_files=None, 
    checkpoint_mode=None, 
    checkpoint_period=None, 
    data_management_max_threads=10, 
    executors=[ThreadPoolExecutor(
        label='threads', 
        managed=True, 
        max_threads=2, 
        storage_access=None, 
        thread_name_prefix='', 
        working_dir=None
    )], 
    initialize_logging=True, 
    lazy_errors=True, 
    max_idletime=120.0, 
    monitoring=None, 
    retries=0, 
    run_dir='runinfo', 
    strategy='simple', 
    usage_tracking=False
)
2019-11-08 11:29:52.598 parsl.dataflow.dflow:84 [INFO]  Parsl version: 0.9.0
2019-11-08 11:29:52.598 parsl.dataflow.usage_tracking.usage:126 [DEBUG]  Tracking status: False
2019-11-08 11:29:52.598 parsl.dataflow.usage_tracking.usage:127 [DEBUG]  Testing mode   : False
2019-11-08 11:29:52.598 parsl.dataflow.dflow:110 [INFO]  Run id is: 61d2b765-45fd-471d-94ae-3179d91cfb0c
2019-11-08 11:29:52.660 parsl.dataflow.memoization:52 [INFO]  App caching initialized
2019-11-08 11:29:52.660 parsl.dataflow.strategy:125 [DEBUG]  Scaling strategy: simple
2019-11-08 11:29:52.661 parsl.dataflow.dflow:484 [DEBUG]  Adding output dependencies
2019-11-08 11:29:52.661 parsl.dataflow.dflow:708 [INFO]  Task 0 submitted for App selectUserDefinedColumns, waiting on tasks []
2019-11-08 11:29:52.661 parsl.dataflow.dflow:714 [DEBUG]  Task 0 set to pending state with AppFuture: <AppFuture super=<AppFuture at 0x7f6c33b80748 state=pending>>
2019-11-08 11:29:52.661 parsl.dataflow.dflow:452 [INFO]  Task 0 launched on executor threads
2019-11-08 11:29:52.662 parsl.dataflow.dflow:864 [INFO]  DFK cleanup initiated
2019-11-08 11:29:52.662 parsl.dataflow.dflow:750 [INFO]  Summary of tasks in DFK:
2019-11-08 11:29:52.662 parsl.dataflow.dflow:781 [INFO]  Tasks in state States.launched: 0
2019-11-08 11:29:52.662 parsl.dataflow.dflow:788 [INFO]  End of summary
2019-11-08 11:29:52.662 parsl.dataflow.dflow:888 [INFO]  Terminating flow_control and strategy threads
2019-11-08 11:29:52.662 parsl.executors.threads:96 [DEBUG]  Done with executor shutdown
2019-11-08 11:29:52.662 parsl.executors.threads:96 [DEBUG]  Done with executor shutdown
2019-11-08 11:29:52.662 parsl.dataflow.dflow:920 [INFO]  DFK cleanup complete
2019-11-08 11:29:52.986 parsl.dataflow.dflow:288 [INFO]  Task 0 completed
